<?xml version="1.0" encoding="UTF-8"?>
<!-- Generated by org.testng.reporters.JUnitReportReporter -->
<testsuite hostname="Admin-PC" failures="0" tests="5" name="com.testingshastra.utilities.SignupTests" time="0.056" errors="0" timestamp="28 Jan 2021 18:19:44 GMT" skipped="0">
  <testcase classname="com.testingshastra.utilities.SignupTests" name="m2" time="0.004"/>
  <testcase classname="com.testingshastra.utilities.SignupTests" name="m5" time="0.010"/>
  <testcase classname="com.testingshastra.utilities.SignupTests" name="m1" time="0.026"/>
  <testcase classname="com.testingshastra.utilities.SignupTests" name="m4" time="0.010"/>
  <testcase classname="com.testingshastra.utilities.SignupTests" name="m3" time="0.006"/>
</testsuite> <!-- com.testingshastra.utilities.SignupTests -->
