<?xml version="1.0" encoding="UTF-8"?>
<!-- Generated by org.testng.reporters.JUnitReportReporter -->
<testsuite hostname="Admin-PC" failures="0" tests="5" name="com.testingshastra.utilities.LoginTests" time="0.017" errors="0" timestamp="28 Jan 2021 18:19:44 GMT" skipped="0">
  <testcase classname="com.testingshastra.utilities.LoginTests" name="m1" time="0.005"/>
  <testcase classname="com.testingshastra.utilities.LoginTests" name="m5" time="0.002"/>
  <testcase classname="com.testingshastra.utilities.LoginTests" name="m2" time="0.002"/>
  <testcase classname="com.testingshastra.utilities.LoginTests" name="m3" time="0.005"/>
  <testcase classname="com.testingshastra.utilities.LoginTests" name="m4" time="0.003"/>
</testsuite> <!-- com.testingshastra.utilities.LoginTests -->
