<?xml version="1.0" encoding="UTF-8"?>
<!-- Generated by org.testng.reporters.JUnitReportReporter -->
<testsuite hostname="Admin-PC" failures="0" tests="1" name="com.testingshastra.tests.FirstTest" time="25.817" errors="0" timestamp="28 Jan 2021 17:46:48 GMT" skipped="0">
  <testcase classname="com.testingshastra.tests.FirstTest" name="tc_01" time="25.817"/>
</testsuite> <!-- com.testingshastra.tests.FirstTest -->
